# TLS secrets log file, generated by OpenSSL / Python
# TLS secrets log file, generated by OpenSSL / Python
SERVER_HANDSHAKE_TRAFFIC_SECRET 4c51931e5d36d6d03bb6886b0720750b516ff41149b9df21de1ccadbcea2f644 8bfb9bb1fa33bd0847974dad07cabc9dd9896b4847a46b09a0628e1f6012da7618fe993cd85ce0143a62e51c2961a8c3
CLIENT_HANDSHAKE_TRAFFIC_SECRET 4c51931e5d36d6d03bb6886b0720750b516ff41149b9df21de1ccadbcea2f644 b84d877e22d566ca7c1e62164fd63eb076c79b016fa263756c93c3ba0428d0d94eac951912e9a8f01a87c586cba502ea
EXPORTER_SECRET 4c51931e5d36d6d03bb6886b0720750b516ff41149b9df21de1ccadbcea2f644 5988a4467c1c952622e2a94c4995369aa6a830fdc6fa45a78a8bbf464ef64942abd1509d261e4ca595077761350a9185
SERVER_TRAFFIC_SECRET_0 4c51931e5d36d6d03bb6886b0720750b516ff41149b9df21de1ccadbcea2f644 13aa479290a51952c5add66a784b522a9e27e2c24a8b183baa8d207d70e75b6cbfc081425b35205554b5ab6febcdc4db
SERVER_HANDSHAKE_TRAFFIC_SECRET 4c51931e5d36d6d03bb6886b0720750b516ff41149b9df21de1ccadbcea2f644 8bfb9bb1fa33bd0847974dad07cabc9dd9896b4847a46b09a0628e1f6012da7618fe993cd85ce0143a62e51c2961a8c3
EXPORTER_SECRET 4c51931e5d36d6d03bb6886b0720750b516ff41149b9df21de1ccadbcea2f644 5988a4467c1c952622e2a94c4995369aa6a830fdc6fa45a78a8bbf464ef64942abd1509d261e4ca595077761350a9185
SERVER_TRAFFIC_SECRET_0 4c51931e5d36d6d03bb6886b0720750b516ff41149b9df21de1ccadbcea2f644 13aa479290a51952c5add66a784b522a9e27e2c24a8b183baa8d207d70e75b6cbfc081425b35205554b5ab6febcdc4db
CLIENT_HANDSHAKE_TRAFFIC_SECRET 4c51931e5d36d6d03bb6886b0720750b516ff41149b9df21de1ccadbcea2f644 b84d877e22d566ca7c1e62164fd63eb076c79b016fa263756c93c3ba0428d0d94eac951912e9a8f01a87c586cba502ea
CLIENT_TRAFFIC_SECRET_0 4c51931e5d36d6d03bb6886b0720750b516ff41149b9df21de1ccadbcea2f644 507eea197d974d1a17493bf2fd170619946dce48c8bc3cf167897c06bcee866e6d7c889bd7914ed83bc39736f08f7082
CLIENT_TRAFFIC_SECRET_0 4c51931e5d36d6d03bb6886b0720750b516ff41149b9df21de1ccadbcea2f644 507eea197d974d1a17493bf2fd170619946dce48c8bc3cf167897c06bcee866e6d7c889bd7914ed83bc39736f08f7082
# TLS secrets log file, generated by OpenSSL / Python
# TLS secrets log file, generated by OpenSSL / Python
SERVER_HANDSHAKE_TRAFFIC_SECRET db63f88eabe8aee5973071f57ebd1141e547819a6ad4870f4a61db9d69cb2488 a22775971fb8208f5c1290653a5c19ef7f4a52d57380298c371092f015d4b9a1909ac3c27dcf52aba7afa95783293edf
CLIENT_HANDSHAKE_TRAFFIC_SECRET db63f88eabe8aee5973071f57ebd1141e547819a6ad4870f4a61db9d69cb2488 90253252013fc0158f3d87183e1d02846a4c9ee175685cd3fbf9e47b9e4a78121a376d34d510684643692f38bc0a0d60
EXPORTER_SECRET db63f88eabe8aee5973071f57ebd1141e547819a6ad4870f4a61db9d69cb2488 96e6d8b65924bd4aae54add18fe4bb9b84b7b16b0bf7ce5c72085823967355cd2068af8afc5605a5d5334fab4d199370
SERVER_TRAFFIC_SECRET_0 db63f88eabe8aee5973071f57ebd1141e547819a6ad4870f4a61db9d69cb2488 f9095e852c0151e94b9cf9fefbe7b2a1aec7c1e3caef4d8e6e62bf20b2ec0a3f82c933b0623d3e4d72c5c0060685d7a2
SERVER_HANDSHAKE_TRAFFIC_SECRET db63f88eabe8aee5973071f57ebd1141e547819a6ad4870f4a61db9d69cb2488 a22775971fb8208f5c1290653a5c19ef7f4a52d57380298c371092f015d4b9a1909ac3c27dcf52aba7afa95783293edf
EXPORTER_SECRET db63f88eabe8aee5973071f57ebd1141e547819a6ad4870f4a61db9d69cb2488 96e6d8b65924bd4aae54add18fe4bb9b84b7b16b0bf7ce5c72085823967355cd2068af8afc5605a5d5334fab4d199370
SERVER_TRAFFIC_SECRET_0 db63f88eabe8aee5973071f57ebd1141e547819a6ad4870f4a61db9d69cb2488 f9095e852c0151e94b9cf9fefbe7b2a1aec7c1e3caef4d8e6e62bf20b2ec0a3f82c933b0623d3e4d72c5c0060685d7a2
CLIENT_HANDSHAKE_TRAFFIC_SECRET db63f88eabe8aee5973071f57ebd1141e547819a6ad4870f4a61db9d69cb2488 90253252013fc0158f3d87183e1d02846a4c9ee175685cd3fbf9e47b9e4a78121a376d34d510684643692f38bc0a0d60
CLIENT_TRAFFIC_SECRET_0 db63f88eabe8aee5973071f57ebd1141e547819a6ad4870f4a61db9d69cb2488 cc9b652e230c87023cf6ca99fc72ad5d7b0c77026fb2a0055f890a78aa3e3d2ca5145ce1b14c25d253e6d80817150596
CLIENT_TRAFFIC_SECRET_0 db63f88eabe8aee5973071f57ebd1141e547819a6ad4870f4a61db9d69cb2488 cc9b652e230c87023cf6ca99fc72ad5d7b0c77026fb2a0055f890a78aa3e3d2ca5145ce1b14c25d253e6d80817150596
# TLS secrets log file, generated by OpenSSL / Python
# TLS secrets log file, generated by OpenSSL / Python
SERVER_HANDSHAKE_TRAFFIC_SECRET 71e4ff9450dd6feaf211823291af4ffc237a97dfc14895976bacc5b86bc1b211 f36045c6564103e35d6b840d452afb927c621ca630230a1db18a859f8d78bf25b93aff25450873f5b7dab115948cad3f
CLIENT_HANDSHAKE_TRAFFIC_SECRET 71e4ff9450dd6feaf211823291af4ffc237a97dfc14895976bacc5b86bc1b211 4c04d84a4b5db240138480bae81cba918c1743b6af9ce9e25b4ac2203f026804bde53aa3456fa0a597b542bdfcaff344
EXPORTER_SECRET 71e4ff9450dd6feaf211823291af4ffc237a97dfc14895976bacc5b86bc1b211 1081b69114fb82d429dd0a5d544bbc3f398773cc2e228f6357d6e91655a4b0dbca5065d08bce934ec25955fb37f394a6
SERVER_TRAFFIC_SECRET_0 71e4ff9450dd6feaf211823291af4ffc237a97dfc14895976bacc5b86bc1b211 14bc37f4827edff4201ca07361b7e7208ba0f9b3ccb1953052b30e81cd02125e9b94372a6c22939b272db9d3068c65fc
SERVER_HANDSHAKE_TRAFFIC_SECRET 71e4ff9450dd6feaf211823291af4ffc237a97dfc14895976bacc5b86bc1b211 f36045c6564103e35d6b840d452afb927c621ca630230a1db18a859f8d78bf25b93aff25450873f5b7dab115948cad3f
EXPORTER_SECRET 71e4ff9450dd6feaf211823291af4ffc237a97dfc14895976bacc5b86bc1b211 1081b69114fb82d429dd0a5d544bbc3f398773cc2e228f6357d6e91655a4b0dbca5065d08bce934ec25955fb37f394a6
SERVER_TRAFFIC_SECRET_0 71e4ff9450dd6feaf211823291af4ffc237a97dfc14895976bacc5b86bc1b211 14bc37f4827edff4201ca07361b7e7208ba0f9b3ccb1953052b30e81cd02125e9b94372a6c22939b272db9d3068c65fc
CLIENT_HANDSHAKE_TRAFFIC_SECRET 71e4ff9450dd6feaf211823291af4ffc237a97dfc14895976bacc5b86bc1b211 4c04d84a4b5db240138480bae81cba918c1743b6af9ce9e25b4ac2203f026804bde53aa3456fa0a597b542bdfcaff344
CLIENT_TRAFFIC_SECRET_0 71e4ff9450dd6feaf211823291af4ffc237a97dfc14895976bacc5b86bc1b211 6f1d16e88cc92707aebf9b78076c09fb7baf809f402f3f5cd40d827421e2708a1c45459084253399bee427b51eec7ca2
CLIENT_TRAFFIC_SECRET_0 71e4ff9450dd6feaf211823291af4ffc237a97dfc14895976bacc5b86bc1b211 6f1d16e88cc92707aebf9b78076c09fb7baf809f402f3f5cd40d827421e2708a1c45459084253399bee427b51eec7ca2
# TLS secrets log file, generated by OpenSSL / Python
# TLS secrets log file, generated by OpenSSL / Python
SERVER_HANDSHAKE_TRAFFIC_SECRET 48496f3d7c48166ec2931c5aff5f300177acf4743ad6e45b105ec469edfab490 0429bdeaf94018add482907f68c14158c5b7d45c9acd037aec5c9f2fd38a1b86a898642e30b38e6df7666404aa22f517
CLIENT_HANDSHAKE_TRAFFIC_SECRET 48496f3d7c48166ec2931c5aff5f300177acf4743ad6e45b105ec469edfab490 e777379756edcd04327b48384e0005cc8b08096e07a5a86fc2a183f85a805eb8b908420bc030b1976e8441a5a45f945e
EXPORTER_SECRET 48496f3d7c48166ec2931c5aff5f300177acf4743ad6e45b105ec469edfab490 9288d3af046b630d4cbb06a39249a91b98a752b4695e6d68ab8f86119b39d598e35a732f5fa62d5af7575bd9d0d615bb
SERVER_TRAFFIC_SECRET_0 48496f3d7c48166ec2931c5aff5f300177acf4743ad6e45b105ec469edfab490 6776476c951228029cdead4fc8acb452c015875ec38de315ec1bbbc5bce3d37052606ed288bbc3feaaf4420d70ec1314
SERVER_HANDSHAKE_TRAFFIC_SECRET 48496f3d7c48166ec2931c5aff5f300177acf4743ad6e45b105ec469edfab490 0429bdeaf94018add482907f68c14158c5b7d45c9acd037aec5c9f2fd38a1b86a898642e30b38e6df7666404aa22f517
EXPORTER_SECRET 48496f3d7c48166ec2931c5aff5f300177acf4743ad6e45b105ec469edfab490 9288d3af046b630d4cbb06a39249a91b98a752b4695e6d68ab8f86119b39d598e35a732f5fa62d5af7575bd9d0d615bb
SERVER_TRAFFIC_SECRET_0 48496f3d7c48166ec2931c5aff5f300177acf4743ad6e45b105ec469edfab490 6776476c951228029cdead4fc8acb452c015875ec38de315ec1bbbc5bce3d37052606ed288bbc3feaaf4420d70ec1314
CLIENT_HANDSHAKE_TRAFFIC_SECRET 48496f3d7c48166ec2931c5aff5f300177acf4743ad6e45b105ec469edfab490 e777379756edcd04327b48384e0005cc8b08096e07a5a86fc2a183f85a805eb8b908420bc030b1976e8441a5a45f945e
CLIENT_TRAFFIC_SECRET_0 48496f3d7c48166ec2931c5aff5f300177acf4743ad6e45b105ec469edfab490 39e18f9b35976a740b626aecbbbba616703421f4e24a31e655b9681712dacfe8f0ae6156fc7dc3ca1739b717ac296d8d
CLIENT_TRAFFIC_SECRET_0 48496f3d7c48166ec2931c5aff5f300177acf4743ad6e45b105ec469edfab490 39e18f9b35976a740b626aecbbbba616703421f4e24a31e655b9681712dacfe8f0ae6156fc7dc3ca1739b717ac296d8d
# TLS secrets log file, generated by OpenSSL / Python
# TLS secrets log file, generated by OpenSSL / Python
SERVER_HANDSHAKE_TRAFFIC_SECRET b2dcd034a28048309151f54038b9cc0d60a053489b81607e67c52997dbca0e12 c3b1ed77152d456fa7d5780c35e40bad2557d003e85f3324acb4fed578c0cd21389289c1c2e925cbcc461631def846ee
CLIENT_HANDSHAKE_TRAFFIC_SECRET b2dcd034a28048309151f54038b9cc0d60a053489b81607e67c52997dbca0e12 6f6243e7fb82912f9ef2a6f80f0ddbcdf6e5e771e3c787ffc29749d86e45b238d3fbde94957c0fa09db30bd695d9e30a
EXPORTER_SECRET b2dcd034a28048309151f54038b9cc0d60a053489b81607e67c52997dbca0e12 eda7b049e84a40069d6aebc288ecd446a742b3bf9f9b61b8aea0adda3718dfc7d49e134682739d4c6fbc7c851a8492d4
SERVER_TRAFFIC_SECRET_0 b2dcd034a28048309151f54038b9cc0d60a053489b81607e67c52997dbca0e12 e353bc8e7cf64dc1d545d3b6fc275f5da7e623d34fb12836779b760052affd923ba17754ba5b04d7a4032f824bc1ad0a
SERVER_HANDSHAKE_TRAFFIC_SECRET b2dcd034a28048309151f54038b9cc0d60a053489b81607e67c52997dbca0e12 c3b1ed77152d456fa7d5780c35e40bad2557d003e85f3324acb4fed578c0cd21389289c1c2e925cbcc461631def846ee
EXPORTER_SECRET b2dcd034a28048309151f54038b9cc0d60a053489b81607e67c52997dbca0e12 eda7b049e84a40069d6aebc288ecd446a742b3bf9f9b61b8aea0adda3718dfc7d49e134682739d4c6fbc7c851a8492d4
SERVER_TRAFFIC_SECRET_0 b2dcd034a28048309151f54038b9cc0d60a053489b81607e67c52997dbca0e12 e353bc8e7cf64dc1d545d3b6fc275f5da7e623d34fb12836779b760052affd923ba17754ba5b04d7a4032f824bc1ad0a
CLIENT_HANDSHAKE_TRAFFIC_SECRET b2dcd034a28048309151f54038b9cc0d60a053489b81607e67c52997dbca0e12 6f6243e7fb82912f9ef2a6f80f0ddbcdf6e5e771e3c787ffc29749d86e45b238d3fbde94957c0fa09db30bd695d9e30a
CLIENT_TRAFFIC_SECRET_0 b2dcd034a28048309151f54038b9cc0d60a053489b81607e67c52997dbca0e12 33f915a6511019d5a01fb2c3d9a17e78a5e4fe147b930011a9ed592ea6adf6f8dbea549a256a4229abca1224462a645e
CLIENT_TRAFFIC_SECRET_0 b2dcd034a28048309151f54038b9cc0d60a053489b81607e67c52997dbca0e12 33f915a6511019d5a01fb2c3d9a17e78a5e4fe147b930011a9ed592ea6adf6f8dbea549a256a4229abca1224462a645e
# TLS secrets log file, generated by OpenSSL / Python
# TLS secrets log file, generated by OpenSSL / Python
SERVER_HANDSHAKE_TRAFFIC_SECRET 476c57ee8260aef19db8d3b2b010c1f76fe1fbeb350697ee1c319dcb6e8e1590 dd46d2d17648c93b2e59692567c21121ad69e8bb44d4352e9c4f9aaf98417d4b71073c892798ece93c26fd85d430d6ae
CLIENT_HANDSHAKE_TRAFFIC_SECRET 476c57ee8260aef19db8d3b2b010c1f76fe1fbeb350697ee1c319dcb6e8e1590 01fd1622d6fcac876a3051547d61db2609f3500e22321e4773eff897a8a2a3e01110ced2e3ae4aea8ec1ea79d9627c9c
EXPORTER_SECRET 476c57ee8260aef19db8d3b2b010c1f76fe1fbeb350697ee1c319dcb6e8e1590 2eba1f4b525f6af93d05fc73744d5689513a69ccc8c8bcfeeb89506ec80e0d12b8d5bf53f1b2fdaa210833e4beac4394
SERVER_TRAFFIC_SECRET_0 476c57ee8260aef19db8d3b2b010c1f76fe1fbeb350697ee1c319dcb6e8e1590 233d05e541f471bcb584f841247708ae1ee37f5337617112715b51294b33c09c52f1b081a22d55aae4ef2df515514807
SERVER_HANDSHAKE_TRAFFIC_SECRET 476c57ee8260aef19db8d3b2b010c1f76fe1fbeb350697ee1c319dcb6e8e1590 dd46d2d17648c93b2e59692567c21121ad69e8bb44d4352e9c4f9aaf98417d4b71073c892798ece93c26fd85d430d6ae
EXPORTER_SECRET 476c57ee8260aef19db8d3b2b010c1f76fe1fbeb350697ee1c319dcb6e8e1590 2eba1f4b525f6af93d05fc73744d5689513a69ccc8c8bcfeeb89506ec80e0d12b8d5bf53f1b2fdaa210833e4beac4394
SERVER_TRAFFIC_SECRET_0 476c57ee8260aef19db8d3b2b010c1f76fe1fbeb350697ee1c319dcb6e8e1590 233d05e541f471bcb584f841247708ae1ee37f5337617112715b51294b33c09c52f1b081a22d55aae4ef2df515514807
CLIENT_HANDSHAKE_TRAFFIC_SECRET 476c57ee8260aef19db8d3b2b010c1f76fe1fbeb350697ee1c319dcb6e8e1590 01fd1622d6fcac876a3051547d61db2609f3500e22321e4773eff897a8a2a3e01110ced2e3ae4aea8ec1ea79d9627c9c
CLIENT_TRAFFIC_SECRET_0 476c57ee8260aef19db8d3b2b010c1f76fe1fbeb350697ee1c319dcb6e8e1590 142d88f6b6efa560692105e4bf3ad57606c1be5635ef8684fc4f7d760a8947a4beb73e3a6fcfa50ae9be85731ec35c9e
CLIENT_TRAFFIC_SECRET_0 476c57ee8260aef19db8d3b2b010c1f76fe1fbeb350697ee1c319dcb6e8e1590 142d88f6b6efa560692105e4bf3ad57606c1be5635ef8684fc4f7d760a8947a4beb73e3a6fcfa50ae9be85731ec35c9e
# TLS secrets log file, generated by OpenSSL / Python
# TLS secrets log file, generated by OpenSSL / Python
SERVER_HANDSHAKE_TRAFFIC_SECRET 8f48ab1758168c2b7c0e0cd5476d411add0a2e591282d48b012163dd2112b1e9 bc68b94c4b6f66224b47892f221d6fce747be1d8a6d84b66c5b6c35c32fbb81bfbb8e26916ff17e7fc27964daeae1a1e
CLIENT_HANDSHAKE_TRAFFIC_SECRET 8f48ab1758168c2b7c0e0cd5476d411add0a2e591282d48b012163dd2112b1e9 62e2c8b9277faafc773b24b4664ccacf6d772810ac7887096994213eceb6109e790ee332654e3a5d6e219953f159992d
EXPORTER_SECRET 8f48ab1758168c2b7c0e0cd5476d411add0a2e591282d48b012163dd2112b1e9 47d3d6f62c2c32624042f9a4d8c1fe7d5355948bcb232b3999624d971d415e00bbd6e012dcef247ef73bf16b9662c8bd
SERVER_TRAFFIC_SECRET_0 8f48ab1758168c2b7c0e0cd5476d411add0a2e591282d48b012163dd2112b1e9 271b3a1a20df974ba2a6dfb48a6d875f4bc041bc3a795ba9adcb724522c68d706ea5322437d6b05fc6c818ecf1410dd0
SERVER_HANDSHAKE_TRAFFIC_SECRET 8f48ab1758168c2b7c0e0cd5476d411add0a2e591282d48b012163dd2112b1e9 bc68b94c4b6f66224b47892f221d6fce747be1d8a6d84b66c5b6c35c32fbb81bfbb8e26916ff17e7fc27964daeae1a1e
EXPORTER_SECRET 8f48ab1758168c2b7c0e0cd5476d411add0a2e591282d48b012163dd2112b1e9 47d3d6f62c2c32624042f9a4d8c1fe7d5355948bcb232b3999624d971d415e00bbd6e012dcef247ef73bf16b9662c8bd
SERVER_TRAFFIC_SECRET_0 8f48ab1758168c2b7c0e0cd5476d411add0a2e591282d48b012163dd2112b1e9 271b3a1a20df974ba2a6dfb48a6d875f4bc041bc3a795ba9adcb724522c68d706ea5322437d6b05fc6c818ecf1410dd0
CLIENT_HANDSHAKE_TRAFFIC_SECRET 8f48ab1758168c2b7c0e0cd5476d411add0a2e591282d48b012163dd2112b1e9 62e2c8b9277faafc773b24b4664ccacf6d772810ac7887096994213eceb6109e790ee332654e3a5d6e219953f159992d
CLIENT_TRAFFIC_SECRET_0 8f48ab1758168c2b7c0e0cd5476d411add0a2e591282d48b012163dd2112b1e9 1ecd58ff57a295cb18a7353b7c26e27f0863ec3ec962f0012db09c4225913358c617b5f3924579c236474b6a9306da28
CLIENT_TRAFFIC_SECRET_0 8f48ab1758168c2b7c0e0cd5476d411add0a2e591282d48b012163dd2112b1e9 1ecd58ff57a295cb18a7353b7c26e27f0863ec3ec962f0012db09c4225913358c617b5f3924579c236474b6a9306da28
# TLS secrets log file, generated by OpenSSL / Python
# TLS secrets log file, generated by OpenSSL / Python
SERVER_HANDSHAKE_TRAFFIC_SECRET 20ebf3eb72ead5ecea1eac473700790e4ba10079dbeb5f358aacfafa001cf613 410fa182147e3168378ac1c539c95f03ccede2d9b792404811062de5bc624673a6c8a54597dc0d86ff20def7c71b54c5
CLIENT_HANDSHAKE_TRAFFIC_SECRET 20ebf3eb72ead5ecea1eac473700790e4ba10079dbeb5f358aacfafa001cf613 7711c8ec527e3854da2f9ac4dee2365c73d55f9f0abb5b7b2b01c838f89025bba13da934de13ad56880ee7393b85eae8
EXPORTER_SECRET 20ebf3eb72ead5ecea1eac473700790e4ba10079dbeb5f358aacfafa001cf613 871338bde4ba2f1d08f8aedb3ab454dfb0d6de3ea0ed9619b7e7cfc50a354fc2a794d50bc38f287d25170dfabad343f9
SERVER_TRAFFIC_SECRET_0 20ebf3eb72ead5ecea1eac473700790e4ba10079dbeb5f358aacfafa001cf613 73c69d3e04464267c19f7def221923d30cc3b2169f96408e72b549ef1f4e5fe27347eda05cb4dc1e337ae1ffd9286c6f
SERVER_HANDSHAKE_TRAFFIC_SECRET 20ebf3eb72ead5ecea1eac473700790e4ba10079dbeb5f358aacfafa001cf613 410fa182147e3168378ac1c539c95f03ccede2d9b792404811062de5bc624673a6c8a54597dc0d86ff20def7c71b54c5
EXPORTER_SECRET 20ebf3eb72ead5ecea1eac473700790e4ba10079dbeb5f358aacfafa001cf613 871338bde4ba2f1d08f8aedb3ab454dfb0d6de3ea0ed9619b7e7cfc50a354fc2a794d50bc38f287d25170dfabad343f9
SERVER_TRAFFIC_SECRET_0 20ebf3eb72ead5ecea1eac473700790e4ba10079dbeb5f358aacfafa001cf613 73c69d3e04464267c19f7def221923d30cc3b2169f96408e72b549ef1f4e5fe27347eda05cb4dc1e337ae1ffd9286c6f
CLIENT_HANDSHAKE_TRAFFIC_SECRET 20ebf3eb72ead5ecea1eac473700790e4ba10079dbeb5f358aacfafa001cf613 7711c8ec527e3854da2f9ac4dee2365c73d55f9f0abb5b7b2b01c838f89025bba13da934de13ad56880ee7393b85eae8
CLIENT_TRAFFIC_SECRET_0 20ebf3eb72ead5ecea1eac473700790e4ba10079dbeb5f358aacfafa001cf613 1a8d7de3a751c1ed95dbad64717fa9b5b6ddb38ccde55dae7999067c2ec0785084d10621bb723267ca706609934b8c27
CLIENT_TRAFFIC_SECRET_0 20ebf3eb72ead5ecea1eac473700790e4ba10079dbeb5f358aacfafa001cf613 1a8d7de3a751c1ed95dbad64717fa9b5b6ddb38ccde55dae7999067c2ec0785084d10621bb723267ca706609934b8c27
# TLS secrets log file, generated by OpenSSL / Python
# TLS secrets log file, generated by OpenSSL / Python
SERVER_HANDSHAKE_TRAFFIC_SECRET b70593f2924d77b571d9100a8436f0305db43673e073fe966f190bfa3e7cd194 ce422e81a2667faa22d60871cefb913c152e175e6aaa9a41d2000ce0e1335c41dfb6c942ded14c2836f823a4966a6f52
CLIENT_HANDSHAKE_TRAFFIC_SECRET b70593f2924d77b571d9100a8436f0305db43673e073fe966f190bfa3e7cd194 acb38beee1fa4c32145c346a7714337affdf651db034a65214de8890e819482e0e517d882033409a456a2e65563324bb
EXPORTER_SECRET b70593f2924d77b571d9100a8436f0305db43673e073fe966f190bfa3e7cd194 f7e9a3a229e218d9b78ca65066f8a2f726df04a5e011b22ac1f9478473109442308b6f5674ba86eea8bddec99f177525
SERVER_TRAFFIC_SECRET_0 b70593f2924d77b571d9100a8436f0305db43673e073fe966f190bfa3e7cd194 a0ba7e5f5a9eeccc444a40fc814aef32309b2589407128edcd2d7759769e6fed141c5038f506dd12bc2c663985dedca9
SERVER_HANDSHAKE_TRAFFIC_SECRET b70593f2924d77b571d9100a8436f0305db43673e073fe966f190bfa3e7cd194 ce422e81a2667faa22d60871cefb913c152e175e6aaa9a41d2000ce0e1335c41dfb6c942ded14c2836f823a4966a6f52
EXPORTER_SECRET b70593f2924d77b571d9100a8436f0305db43673e073fe966f190bfa3e7cd194 f7e9a3a229e218d9b78ca65066f8a2f726df04a5e011b22ac1f9478473109442308b6f5674ba86eea8bddec99f177525
SERVER_TRAFFIC_SECRET_0 b70593f2924d77b571d9100a8436f0305db43673e073fe966f190bfa3e7cd194 a0ba7e5f5a9eeccc444a40fc814aef32309b2589407128edcd2d7759769e6fed141c5038f506dd12bc2c663985dedca9
CLIENT_HANDSHAKE_TRAFFIC_SECRET b70593f2924d77b571d9100a8436f0305db43673e073fe966f190bfa3e7cd194 acb38beee1fa4c32145c346a7714337affdf651db034a65214de8890e819482e0e517d882033409a456a2e65563324bb
CLIENT_TRAFFIC_SECRET_0 b70593f2924d77b571d9100a8436f0305db43673e073fe966f190bfa3e7cd194 5a430935f5eacb469e3f041cd068ea0755adfebc4b42fd9cc20a0c4500e9827d41a32ee97ea63c8ab4bbbdb93671344e
CLIENT_TRAFFIC_SECRET_0 b70593f2924d77b571d9100a8436f0305db43673e073fe966f190bfa3e7cd194 5a430935f5eacb469e3f041cd068ea0755adfebc4b42fd9cc20a0c4500e9827d41a32ee97ea63c8ab4bbbdb93671344e
# TLS secrets log file, generated by OpenSSL / Python
# TLS secrets log file, generated by OpenSSL / Python
SERVER_HANDSHAKE_TRAFFIC_SECRET dcd7dab149544440c283d67c56cfd28aab0ee1c2395a27dcdc2c2c92cf28212f bd061262771ca73f210458a1836051db8a1513e90ef432049e4be9c6643ddc6689732753e38dfaeef4ec1db22ae9af0f
CLIENT_HANDSHAKE_TRAFFIC_SECRET dcd7dab149544440c283d67c56cfd28aab0ee1c2395a27dcdc2c2c92cf28212f a961795e7924e9e73d6945d20717b79e8d14b5f961a6f55f267fe22df2f309d53bb817c74a52994fdc9785f4008d9bc6
EXPORTER_SECRET dcd7dab149544440c283d67c56cfd28aab0ee1c2395a27dcdc2c2c92cf28212f 598fa36d7e1272300014c9ae098a1f8d31c160f65852ffc4609f1f545c85fa9fe5bff574fcde09228739fd283be15f23
SERVER_TRAFFIC_SECRET_0 dcd7dab149544440c283d67c56cfd28aab0ee1c2395a27dcdc2c2c92cf28212f 528bd4e901ac1b6d84c2839363a95e65a80d2ac99591221f5254b5d79f3fa366c0903967008f5abe9407c0a769b8a12f
SERVER_HANDSHAKE_TRAFFIC_SECRET dcd7dab149544440c283d67c56cfd28aab0ee1c2395a27dcdc2c2c92cf28212f bd061262771ca73f210458a1836051db8a1513e90ef432049e4be9c6643ddc6689732753e38dfaeef4ec1db22ae9af0f
EXPORTER_SECRET dcd7dab149544440c283d67c56cfd28aab0ee1c2395a27dcdc2c2c92cf28212f 598fa36d7e1272300014c9ae098a1f8d31c160f65852ffc4609f1f545c85fa9fe5bff574fcde09228739fd283be15f23
SERVER_TRAFFIC_SECRET_0 dcd7dab149544440c283d67c56cfd28aab0ee1c2395a27dcdc2c2c92cf28212f 528bd4e901ac1b6d84c2839363a95e65a80d2ac99591221f5254b5d79f3fa366c0903967008f5abe9407c0a769b8a12f
CLIENT_HANDSHAKE_TRAFFIC_SECRET dcd7dab149544440c283d67c56cfd28aab0ee1c2395a27dcdc2c2c92cf28212f a961795e7924e9e73d6945d20717b79e8d14b5f961a6f55f267fe22df2f309d53bb817c74a52994fdc9785f4008d9bc6
CLIENT_TRAFFIC_SECRET_0 dcd7dab149544440c283d67c56cfd28aab0ee1c2395a27dcdc2c2c92cf28212f dc9dbfd1c46eaa7fe8b3377aebe150ca6efbfa2258c8616bbc4372280143f83ef0cd5ca3a540f6642b96bd16cbe150e6
CLIENT_TRAFFIC_SECRET_0 dcd7dab149544440c283d67c56cfd28aab0ee1c2395a27dcdc2c2c92cf28212f dc9dbfd1c46eaa7fe8b3377aebe150ca6efbfa2258c8616bbc4372280143f83ef0cd5ca3a540f6642b96bd16cbe150e6
# TLS secrets log file, generated by OpenSSL / Python
# TLS secrets log file, generated by OpenSSL / Python
SERVER_HANDSHAKE_TRAFFIC_SECRET 444e2862e7cb6b3a63109609c6dabb9075246f1e7abfa5b4ea320d23f14db118 a764e5820c033c5426edb1905b984393ef20f1a9c4e79f3c50da4fd257fe4e0b3eb8dd37e235549c57fb106755fda7d9
CLIENT_HANDSHAKE_TRAFFIC_SECRET 444e2862e7cb6b3a63109609c6dabb9075246f1e7abfa5b4ea320d23f14db118 934de16d5888a09e80480987d93b55245e634ef829e4509944bbf5c22352663ffc38e266ce128a526d2046d0134dc1af
EXPORTER_SECRET 444e2862e7cb6b3a63109609c6dabb9075246f1e7abfa5b4ea320d23f14db118 640664215d1a265c57553998ff511e82779fb7e9099785c18ce85c8a79e9e6a49c76fdc2eca01b7d7b44c6f792cfcace
SERVER_TRAFFIC_SECRET_0 444e2862e7cb6b3a63109609c6dabb9075246f1e7abfa5b4ea320d23f14db118 c08a025553aa6468382a66dab71fcd57341842236b7da310fa1e764840fbc7821b9417ad14b165fcdf46ddd579590b9e
SERVER_HANDSHAKE_TRAFFIC_SECRET 444e2862e7cb6b3a63109609c6dabb9075246f1e7abfa5b4ea320d23f14db118 a764e5820c033c5426edb1905b984393ef20f1a9c4e79f3c50da4fd257fe4e0b3eb8dd37e235549c57fb106755fda7d9
EXPORTER_SECRET 444e2862e7cb6b3a63109609c6dabb9075246f1e7abfa5b4ea320d23f14db118 640664215d1a265c57553998ff511e82779fb7e9099785c18ce85c8a79e9e6a49c76fdc2eca01b7d7b44c6f792cfcace
SERVER_TRAFFIC_SECRET_0 444e2862e7cb6b3a63109609c6dabb9075246f1e7abfa5b4ea320d23f14db118 c08a025553aa6468382a66dab71fcd57341842236b7da310fa1e764840fbc7821b9417ad14b165fcdf46ddd579590b9e
CLIENT_HANDSHAKE_TRAFFIC_SECRET 444e2862e7cb6b3a63109609c6dabb9075246f1e7abfa5b4ea320d23f14db118 934de16d5888a09e80480987d93b55245e634ef829e4509944bbf5c22352663ffc38e266ce128a526d2046d0134dc1af
CLIENT_TRAFFIC_SECRET_0 444e2862e7cb6b3a63109609c6dabb9075246f1e7abfa5b4ea320d23f14db118 67ab9dea07a656f6327fdc64c61d9ded61f56b9eb15776b1df5a019de970ca9c6ee35844824ef22439cd18e74fffb88b
CLIENT_TRAFFIC_SECRET_0 444e2862e7cb6b3a63109609c6dabb9075246f1e7abfa5b4ea320d23f14db118 67ab9dea07a656f6327fdc64c61d9ded61f56b9eb15776b1df5a019de970ca9c6ee35844824ef22439cd18e74fffb88b
# TLS secrets log file, generated by OpenSSL / Python
# TLS secrets log file, generated by OpenSSL / Python
SERVER_HANDSHAKE_TRAFFIC_SECRET e9e414507139d2836b9e2fce1934f6bdcf2ae36b88819a26eb0f1f15aacac242 139b3c6e990c17755d480a1aeaf5b9e23dda9b989a81a1f9798552e1d33fe74dad8ac1d76ed8e91c1138ddf376035968
CLIENT_HANDSHAKE_TRAFFIC_SECRET e9e414507139d2836b9e2fce1934f6bdcf2ae36b88819a26eb0f1f15aacac242 fc13e0e956016c240e6c9a2a99f988f86739ec93ba3078a39cdd4cedb6f2a9ffe9132ea00db77e82e993e1f460474106
EXPORTER_SECRET e9e414507139d2836b9e2fce1934f6bdcf2ae36b88819a26eb0f1f15aacac242 f1315b581f062a2dd1911b192744da54fabc24316c9069d3e2a1f31fdeb02f034d2b56636bc153510503593861dca227
SERVER_TRAFFIC_SECRET_0 e9e414507139d2836b9e2fce1934f6bdcf2ae36b88819a26eb0f1f15aacac242 8bf260f8ea5caa5db4be6e8e994163b93e94e253ccee3d0643cfdd1564d5fe0fb276b1723ce8e942cf613fb4f44ca734
SERVER_HANDSHAKE_TRAFFIC_SECRET e9e414507139d2836b9e2fce1934f6bdcf2ae36b88819a26eb0f1f15aacac242 139b3c6e990c17755d480a1aeaf5b9e23dda9b989a81a1f9798552e1d33fe74dad8ac1d76ed8e91c1138ddf376035968
EXPORTER_SECRET e9e414507139d2836b9e2fce1934f6bdcf2ae36b88819a26eb0f1f15aacac242 f1315b581f062a2dd1911b192744da54fabc24316c9069d3e2a1f31fdeb02f034d2b56636bc153510503593861dca227
SERVER_TRAFFIC_SECRET_0 e9e414507139d2836b9e2fce1934f6bdcf2ae36b88819a26eb0f1f15aacac242 8bf260f8ea5caa5db4be6e8e994163b93e94e253ccee3d0643cfdd1564d5fe0fb276b1723ce8e942cf613fb4f44ca734
CLIENT_HANDSHAKE_TRAFFIC_SECRET e9e414507139d2836b9e2fce1934f6bdcf2ae36b88819a26eb0f1f15aacac242 fc13e0e956016c240e6c9a2a99f988f86739ec93ba3078a39cdd4cedb6f2a9ffe9132ea00db77e82e993e1f460474106
CLIENT_TRAFFIC_SECRET_0 e9e414507139d2836b9e2fce1934f6bdcf2ae36b88819a26eb0f1f15aacac242 0cd9f7ecb2cb0363ce009f9c548369f39a70510a2385bb058e6ddcaef530d33b245da2f8a8b756e496386073a1c38204
CLIENT_TRAFFIC_SECRET_0 e9e414507139d2836b9e2fce1934f6bdcf2ae36b88819a26eb0f1f15aacac242 0cd9f7ecb2cb0363ce009f9c548369f39a70510a2385bb058e6ddcaef530d33b245da2f8a8b756e496386073a1c38204
# TLS secrets log file, generated by OpenSSL / Python
# TLS secrets log file, generated by OpenSSL / Python
SERVER_HANDSHAKE_TRAFFIC_SECRET ba39ab55b3ce59ab4200877d2c407c199af4c502f2cfb8623bad9df536edbd76 2b56e2e62d70fc61efb5dba861ca2797bc468fec5dfa53434fc3f7da55db54547f712103c13b3ff9274d879bada74565
CLIENT_HANDSHAKE_TRAFFIC_SECRET ba39ab55b3ce59ab4200877d2c407c199af4c502f2cfb8623bad9df536edbd76 9933067abc2b850c6d2d9ef2c630c13d73636c6adbe54888f3aeaa0e083ba7d87b2361b5de6e2a8424a24f4ee49902c7
EXPORTER_SECRET ba39ab55b3ce59ab4200877d2c407c199af4c502f2cfb8623bad9df536edbd76 5cd7778b88dbcd504c2b4e0a730596476b0b76fe93e530ec38e800a7665bc14b47963dc18fc4c51a82b00aa76c2ea45c
SERVER_TRAFFIC_SECRET_0 ba39ab55b3ce59ab4200877d2c407c199af4c502f2cfb8623bad9df536edbd76 45c3fe91b98f35234540b1553a9f5d40ed62bd4824b8c9e5d1d16db80d6e74dbb2893be73849f82b26e2d891ae506e10
SERVER_HANDSHAKE_TRAFFIC_SECRET ba39ab55b3ce59ab4200877d2c407c199af4c502f2cfb8623bad9df536edbd76 2b56e2e62d70fc61efb5dba861ca2797bc468fec5dfa53434fc3f7da55db54547f712103c13b3ff9274d879bada74565
EXPORTER_SECRET ba39ab55b3ce59ab4200877d2c407c199af4c502f2cfb8623bad9df536edbd76 5cd7778b88dbcd504c2b4e0a730596476b0b76fe93e530ec38e800a7665bc14b47963dc18fc4c51a82b00aa76c2ea45c
SERVER_TRAFFIC_SECRET_0 ba39ab55b3ce59ab4200877d2c407c199af4c502f2cfb8623bad9df536edbd76 45c3fe91b98f35234540b1553a9f5d40ed62bd4824b8c9e5d1d16db80d6e74dbb2893be73849f82b26e2d891ae506e10
CLIENT_HANDSHAKE_TRAFFIC_SECRET ba39ab55b3ce59ab4200877d2c407c199af4c502f2cfb8623bad9df536edbd76 9933067abc2b850c6d2d9ef2c630c13d73636c6adbe54888f3aeaa0e083ba7d87b2361b5de6e2a8424a24f4ee49902c7
CLIENT_TRAFFIC_SECRET_0 ba39ab55b3ce59ab4200877d2c407c199af4c502f2cfb8623bad9df536edbd76 654baa6e9d3c4fa792bdf5ae19a94ddad188d8c99b607fa76a0f3155680c5f5a7a14d6e37c0d4118a5f7e737503cfb41
CLIENT_TRAFFIC_SECRET_0 ba39ab55b3ce59ab4200877d2c407c199af4c502f2cfb8623bad9df536edbd76 654baa6e9d3c4fa792bdf5ae19a94ddad188d8c99b607fa76a0f3155680c5f5a7a14d6e37c0d4118a5f7e737503cfb41
# TLS secrets log file, generated by OpenSSL / Python
# TLS secrets log file, generated by OpenSSL / Python
SERVER_HANDSHAKE_TRAFFIC_SECRET 37cb2ca4b736a66d9e740320bec9e2879a548b03bafc62dd2a9c334f892c9324 afc49c2700058e53ff8e4ebde5b04b012091ec700df2cf7aef948202a531b6b53e422d5a72189c47d7ab44e62e9d1781
CLIENT_HANDSHAKE_TRAFFIC_SECRET 37cb2ca4b736a66d9e740320bec9e2879a548b03bafc62dd2a9c334f892c9324 a2ed81c9a14e7309e8ea7e32ed02343c1373a7230f14ba1812dcd793813516b5ef28c7eab6172e7941afce9771d0b62c
EXPORTER_SECRET 37cb2ca4b736a66d9e740320bec9e2879a548b03bafc62dd2a9c334f892c9324 ed2668ab8898d3b88855fb75a99b4999098ef829a757126ab1ed4f2f2be633d1d1a6dcc4e0b68722808ffcd073f77800
SERVER_TRAFFIC_SECRET_0 37cb2ca4b736a66d9e740320bec9e2879a548b03bafc62dd2a9c334f892c9324 1a070c729d7592e371fe957d08567a3a8c9383d0f9fe4c24bfda85d289bfc9839eb287eb4c5f54406d35a2585b0d80d1
SERVER_HANDSHAKE_TRAFFIC_SECRET 37cb2ca4b736a66d9e740320bec9e2879a548b03bafc62dd2a9c334f892c9324 afc49c2700058e53ff8e4ebde5b04b012091ec700df2cf7aef948202a531b6b53e422d5a72189c47d7ab44e62e9d1781
EXPORTER_SECRET 37cb2ca4b736a66d9e740320bec9e2879a548b03bafc62dd2a9c334f892c9324 ed2668ab8898d3b88855fb75a99b4999098ef829a757126ab1ed4f2f2be633d1d1a6dcc4e0b68722808ffcd073f77800
SERVER_TRAFFIC_SECRET_0 37cb2ca4b736a66d9e740320bec9e2879a548b03bafc62dd2a9c334f892c9324 1a070c729d7592e371fe957d08567a3a8c9383d0f9fe4c24bfda85d289bfc9839eb287eb4c5f54406d35a2585b0d80d1
CLIENT_HANDSHAKE_TRAFFIC_SECRET 37cb2ca4b736a66d9e740320bec9e2879a548b03bafc62dd2a9c334f892c9324 a2ed81c9a14e7309e8ea7e32ed02343c1373a7230f14ba1812dcd793813516b5ef28c7eab6172e7941afce9771d0b62c
CLIENT_TRAFFIC_SECRET_0 37cb2ca4b736a66d9e740320bec9e2879a548b03bafc62dd2a9c334f892c9324 4160d450169bd14664a82627694cbcc8532ad0d6e8bc199c4122a80db3b5c3bd17e4387cb647e76fb7d17a3144c6e199
CLIENT_TRAFFIC_SECRET_0 37cb2ca4b736a66d9e740320bec9e2879a548b03bafc62dd2a9c334f892c9324 4160d450169bd14664a82627694cbcc8532ad0d6e8bc199c4122a80db3b5c3bd17e4387cb647e76fb7d17a3144c6e199
# TLS secrets log file, generated by OpenSSL / Python
# TLS secrets log file, generated by OpenSSL / Python
SERVER_HANDSHAKE_TRAFFIC_SECRET 3d5ec58a6e13f701aea5f882137365dd5218fec927fa918c06d280568e4d06ae 5fe9cd67deda5860055159be72d17897df22444eb4fac06d0b754ccaa75f8ebee7c793b4c140f555b459cf4a3cc4d0b3
CLIENT_HANDSHAKE_TRAFFIC_SECRET 3d5ec58a6e13f701aea5f882137365dd5218fec927fa918c06d280568e4d06ae d5e5f659a789666c581f26d17131f2c5d7c7d9c6d3f5523c0314612a6010a1247e51723ed7bda9e81bfe3197c9a4c5b2
EXPORTER_SECRET 3d5ec58a6e13f701aea5f882137365dd5218fec927fa918c06d280568e4d06ae 8c2296d5da52d29395961e20338e39662f5f94e0e49bd92ba984c24104cd87d1c302352d223701a96b18df056845ad62
SERVER_TRAFFIC_SECRET_0 3d5ec58a6e13f701aea5f882137365dd5218fec927fa918c06d280568e4d06ae caabed1897b30db057925d224e3f19dbf0cad3cf02d3844cc1b5e8ec2a43e8e92f4eb19f08b352c142428f81bac493c3
SERVER_HANDSHAKE_TRAFFIC_SECRET 3d5ec58a6e13f701aea5f882137365dd5218fec927fa918c06d280568e4d06ae 5fe9cd67deda5860055159be72d17897df22444eb4fac06d0b754ccaa75f8ebee7c793b4c140f555b459cf4a3cc4d0b3
EXPORTER_SECRET 3d5ec58a6e13f701aea5f882137365dd5218fec927fa918c06d280568e4d06ae 8c2296d5da52d29395961e20338e39662f5f94e0e49bd92ba984c24104cd87d1c302352d223701a96b18df056845ad62
SERVER_TRAFFIC_SECRET_0 3d5ec58a6e13f701aea5f882137365dd5218fec927fa918c06d280568e4d06ae caabed1897b30db057925d224e3f19dbf0cad3cf02d3844cc1b5e8ec2a43e8e92f4eb19f08b352c142428f81bac493c3
CLIENT_HANDSHAKE_TRAFFIC_SECRET 3d5ec58a6e13f701aea5f882137365dd5218fec927fa918c06d280568e4d06ae d5e5f659a789666c581f26d17131f2c5d7c7d9c6d3f5523c0314612a6010a1247e51723ed7bda9e81bfe3197c9a4c5b2
CLIENT_TRAFFIC_SECRET_0 3d5ec58a6e13f701aea5f882137365dd5218fec927fa918c06d280568e4d06ae f993af3ae7d2475798431b051e54c36162e092d38763ad2b65c82d85c4407cdf3a82613dd1b2a7dae779c8de01884461
CLIENT_TRAFFIC_SECRET_0 3d5ec58a6e13f701aea5f882137365dd5218fec927fa918c06d280568e4d06ae f993af3ae7d2475798431b051e54c36162e092d38763ad2b65c82d85c4407cdf3a82613dd1b2a7dae779c8de01884461
# TLS secrets log file, generated by OpenSSL / Python
# TLS secrets log file, generated by OpenSSL / Python
SERVER_HANDSHAKE_TRAFFIC_SECRET 3cb155e7c911442d8437e96c4b78613d64be20fbc4c03b0310d0b4b15fc80e3f d07b1616b89cc9aea5a009eb2235eb918a348b37683426533774899b368eefb7f3bf4efa93646e50f857c9fc9f267e52
CLIENT_HANDSHAKE_TRAFFIC_SECRET 3cb155e7c911442d8437e96c4b78613d64be20fbc4c03b0310d0b4b15fc80e3f 83b10ec99cc42e6ebe6821ab2b43db1892f7d331c68be936abd7fd8741cdb4357e1d0789f4b5444aa7019a5b8a19286b
EXPORTER_SECRET 3cb155e7c911442d8437e96c4b78613d64be20fbc4c03b0310d0b4b15fc80e3f 76825a9e0c2127293bc5dc1579950a1758b70511fef7379f0f2824741ec099df5a61eb11a73c3835744d61ac905fe3cc
SERVER_TRAFFIC_SECRET_0 3cb155e7c911442d8437e96c4b78613d64be20fbc4c03b0310d0b4b15fc80e3f d1ffd337250222facda52bccbfbb539910c20cdd1809c6658b77074f9868d402eae102fa46f07d587d48d8cec4e3d12b
SERVER_HANDSHAKE_TRAFFIC_SECRET 3cb155e7c911442d8437e96c4b78613d64be20fbc4c03b0310d0b4b15fc80e3f d07b1616b89cc9aea5a009eb2235eb918a348b37683426533774899b368eefb7f3bf4efa93646e50f857c9fc9f267e52
EXPORTER_SECRET 3cb155e7c911442d8437e96c4b78613d64be20fbc4c03b0310d0b4b15fc80e3f 76825a9e0c2127293bc5dc1579950a1758b70511fef7379f0f2824741ec099df5a61eb11a73c3835744d61ac905fe3cc
SERVER_TRAFFIC_SECRET_0 3cb155e7c911442d8437e96c4b78613d64be20fbc4c03b0310d0b4b15fc80e3f d1ffd337250222facda52bccbfbb539910c20cdd1809c6658b77074f9868d402eae102fa46f07d587d48d8cec4e3d12b
CLIENT_HANDSHAKE_TRAFFIC_SECRET 3cb155e7c911442d8437e96c4b78613d64be20fbc4c03b0310d0b4b15fc80e3f 83b10ec99cc42e6ebe6821ab2b43db1892f7d331c68be936abd7fd8741cdb4357e1d0789f4b5444aa7019a5b8a19286b
CLIENT_TRAFFIC_SECRET_0 3cb155e7c911442d8437e96c4b78613d64be20fbc4c03b0310d0b4b15fc80e3f 2397a8fdb5bcfd33cc091c858b10a3280530b27d3675b5267eea6210d5d528a64ddef0b41f2f6ef1b0e6439365700f86
CLIENT_TRAFFIC_SECRET_0 3cb155e7c911442d8437e96c4b78613d64be20fbc4c03b0310d0b4b15fc80e3f 2397a8fdb5bcfd33cc091c858b10a3280530b27d3675b5267eea6210d5d528a64ddef0b41f2f6ef1b0e6439365700f86
# TLS secrets log file, generated by OpenSSL / Python
# TLS secrets log file, generated by OpenSSL / Python
SERVER_HANDSHAKE_TRAFFIC_SECRET c0bd2ff808fe7440bed906fbc9955297ca645ca41b646a8c81c43191e396f29c 2c3e2ec613d0f799a5ebfc9e96e145487ba1f36996dbad7ab869cc918bca9f802444d1a0e64d301884e772deadfa47e1
CLIENT_HANDSHAKE_TRAFFIC_SECRET c0bd2ff808fe7440bed906fbc9955297ca645ca41b646a8c81c43191e396f29c 8f410a42818cc8d3b2e9fe86efaf3007216b7d0f91340d61d99799717f169fdfe3448b5b36be8e00957df499b9c12bb6
EXPORTER_SECRET c0bd2ff808fe7440bed906fbc9955297ca645ca41b646a8c81c43191e396f29c 5f5dbea2b56d308a8f91415851d926e6d9c322744bdaab5867494c11b544f51bb6ec66bb8fbe6ff1cc49546e8943d622
SERVER_TRAFFIC_SECRET_0 c0bd2ff808fe7440bed906fbc9955297ca645ca41b646a8c81c43191e396f29c b5928dcd1fe4a83501b8b91a26ea565f06e6031c67340fa0f8ca0a614f001c5cf578fd42fc1a864d74394fcccaf4fba6
SERVER_HANDSHAKE_TRAFFIC_SECRET c0bd2ff808fe7440bed906fbc9955297ca645ca41b646a8c81c43191e396f29c 2c3e2ec613d0f799a5ebfc9e96e145487ba1f36996dbad7ab869cc918bca9f802444d1a0e64d301884e772deadfa47e1
EXPORTER_SECRET c0bd2ff808fe7440bed906fbc9955297ca645ca41b646a8c81c43191e396f29c 5f5dbea2b56d308a8f91415851d926e6d9c322744bdaab5867494c11b544f51bb6ec66bb8fbe6ff1cc49546e8943d622
SERVER_TRAFFIC_SECRET_0 c0bd2ff808fe7440bed906fbc9955297ca645ca41b646a8c81c43191e396f29c b5928dcd1fe4a83501b8b91a26ea565f06e6031c67340fa0f8ca0a614f001c5cf578fd42fc1a864d74394fcccaf4fba6
CLIENT_HANDSHAKE_TRAFFIC_SECRET c0bd2ff808fe7440bed906fbc9955297ca645ca41b646a8c81c43191e396f29c 8f410a42818cc8d3b2e9fe86efaf3007216b7d0f91340d61d99799717f169fdfe3448b5b36be8e00957df499b9c12bb6
CLIENT_TRAFFIC_SECRET_0 c0bd2ff808fe7440bed906fbc9955297ca645ca41b646a8c81c43191e396f29c 6ea004eb66cbd9836b2cdbb1d943cd0ed72af68da4a1966fb43410ec7960c68caf9c01bd0becf820b2b78e26c71deea1
# TLS secrets log file, generated by OpenSSL / Python
# TLS secrets log file, generated by OpenSSL / Python
SERVER_HANDSHAKE_TRAFFIC_SECRET c22235ea5ff4f4441d7d1ee9abc5348f1459684dfad65f6e3d8f2d3c94bdd159 9e3949776e3f87ed345ec16e85743847a79dd67154a5a1ecb883dd84951502a5eabf1fe1850b5c26a6261993d65accfd
CLIENT_HANDSHAKE_TRAFFIC_SECRET c22235ea5ff4f4441d7d1ee9abc5348f1459684dfad65f6e3d8f2d3c94bdd159 177c1fd6b03cf24bfa2ac85eddc957e34b9123e35e4fa75da83e2ad4ad6a44d58db36d203684be43e77cb8e86dc2c330
EXPORTER_SECRET c22235ea5ff4f4441d7d1ee9abc5348f1459684dfad65f6e3d8f2d3c94bdd159 20bfb40d98d656bc02d0338bb567ee68579956e6ea6a26287e9ea5894febe9fd5e0007eec7668e2f3a433fbb543d47e6
SERVER_TRAFFIC_SECRET_0 c22235ea5ff4f4441d7d1ee9abc5348f1459684dfad65f6e3d8f2d3c94bdd159 b36a3e9af48a95984f72ebabf8ed13c9585e6cfc6666090d5830817f40dea95df149b4b2486b49394eb64f28fc2b8f22
SERVER_HANDSHAKE_TRAFFIC_SECRET c22235ea5ff4f4441d7d1ee9abc5348f1459684dfad65f6e3d8f2d3c94bdd159 9e3949776e3f87ed345ec16e85743847a79dd67154a5a1ecb883dd84951502a5eabf1fe1850b5c26a6261993d65accfd
EXPORTER_SECRET c22235ea5ff4f4441d7d1ee9abc5348f1459684dfad65f6e3d8f2d3c94bdd159 20bfb40d98d656bc02d0338bb567ee68579956e6ea6a26287e9ea5894febe9fd5e0007eec7668e2f3a433fbb543d47e6
SERVER_TRAFFIC_SECRET_0 c22235ea5ff4f4441d7d1ee9abc5348f1459684dfad65f6e3d8f2d3c94bdd159 b36a3e9af48a95984f72ebabf8ed13c9585e6cfc6666090d5830817f40dea95df149b4b2486b49394eb64f28fc2b8f22
CLIENT_HANDSHAKE_TRAFFIC_SECRET c22235ea5ff4f4441d7d1ee9abc5348f1459684dfad65f6e3d8f2d3c94bdd159 177c1fd6b03cf24bfa2ac85eddc957e34b9123e35e4fa75da83e2ad4ad6a44d58db36d203684be43e77cb8e86dc2c330
CLIENT_TRAFFIC_SECRET_0 c22235ea5ff4f4441d7d1ee9abc5348f1459684dfad65f6e3d8f2d3c94bdd159 fbc4477ebc4c5de57864d61bbc038ba85a68a0dadf723f08d38e526607e129814ccf5216f5de15d5a8c4f724094f4bc3
CLIENT_TRAFFIC_SECRET_0 c22235ea5ff4f4441d7d1ee9abc5348f1459684dfad65f6e3d8f2d3c94bdd159 fbc4477ebc4c5de57864d61bbc038ba85a68a0dadf723f08d38e526607e129814ccf5216f5de15d5a8c4f724094f4bc3
# TLS secrets log file, generated by OpenSSL / Python
# TLS secrets log file, generated by OpenSSL / Python
SERVER_HANDSHAKE_TRAFFIC_SECRET dadafcef770363a72cf11072d643c37fa024efeebad3a13b6c8e182d517d2b51 8a3f172f543e1cd43ac913fc0b0d4c50fd9fe26f4369f400f90c6c7539df6a5cefee8aaf3db5251c41243a290390fcad
CLIENT_HANDSHAKE_TRAFFIC_SECRET dadafcef770363a72cf11072d643c37fa024efeebad3a13b6c8e182d517d2b51 1c09a2f9afae2fe359088588172fea167a6573108388711ab7080cf48a95f1d4ec399df74f1915cacbbb4caaa1dd2550
EXPORTER_SECRET dadafcef770363a72cf11072d643c37fa024efeebad3a13b6c8e182d517d2b51 d6715b3bbf70a8075d7b051155d4cd6413bc0b80b8b625376730bbbf3ff466e2aabf0d8634d93e508b21058027aff8ce
SERVER_TRAFFIC_SECRET_0 dadafcef770363a72cf11072d643c37fa024efeebad3a13b6c8e182d517d2b51 9973b6d5f74b31330f290acb84b6ba41a93e59ddcf177d6c3cc97b44ba792cf3b34c8022a76391c9a4633e9515d16d0b
SERVER_HANDSHAKE_TRAFFIC_SECRET dadafcef770363a72cf11072d643c37fa024efeebad3a13b6c8e182d517d2b51 8a3f172f543e1cd43ac913fc0b0d4c50fd9fe26f4369f400f90c6c7539df6a5cefee8aaf3db5251c41243a290390fcad
EXPORTER_SECRET dadafcef770363a72cf11072d643c37fa024efeebad3a13b6c8e182d517d2b51 d6715b3bbf70a8075d7b051155d4cd6413bc0b80b8b625376730bbbf3ff466e2aabf0d8634d93e508b21058027aff8ce
SERVER_TRAFFIC_SECRET_0 dadafcef770363a72cf11072d643c37fa024efeebad3a13b6c8e182d517d2b51 9973b6d5f74b31330f290acb84b6ba41a93e59ddcf177d6c3cc97b44ba792cf3b34c8022a76391c9a4633e9515d16d0b
CLIENT_HANDSHAKE_TRAFFIC_SECRET dadafcef770363a72cf11072d643c37fa024efeebad3a13b6c8e182d517d2b51 1c09a2f9afae2fe359088588172fea167a6573108388711ab7080cf48a95f1d4ec399df74f1915cacbbb4caaa1dd2550
CLIENT_TRAFFIC_SECRET_0 dadafcef770363a72cf11072d643c37fa024efeebad3a13b6c8e182d517d2b51 459eb3a3851a61b9496bfacf476e979e623256429fc2507d2010b917a41b306c9b1acadea85b919e01edd08f58153db8
CLIENT_TRAFFIC_SECRET_0 dadafcef770363a72cf11072d643c37fa024efeebad3a13b6c8e182d517d2b51 459eb3a3851a61b9496bfacf476e979e623256429fc2507d2010b917a41b306c9b1acadea85b919e01edd08f58153db8
# TLS secrets log file, generated by OpenSSL / Python
# TLS secrets log file, generated by OpenSSL / Python
SERVER_HANDSHAKE_TRAFFIC_SECRET 671c349168af25484b5b5d4f911d53a16222ddf1b60f1907d0a67b1ce63a79f5 e929b8d02e9948e82304805e7ceddd80463143ddbe7efa1fdc385e4fd8d9f024b796c98cddddb51bad215a247f66272c
CLIENT_HANDSHAKE_TRAFFIC_SECRET 671c349168af25484b5b5d4f911d53a16222ddf1b60f1907d0a67b1ce63a79f5 c831f8aea0deff8fde7abc7c9dec85bdbf27518edf725937ceefcf9dc6ea788435efdb42c224b6194e38924df6d9ddec
EXPORTER_SECRET 671c349168af25484b5b5d4f911d53a16222ddf1b60f1907d0a67b1ce63a79f5 a0a943f77bea29261200aafe33a4a0e17d54318ff88472e9ce2f3978d897a9102a714c5000abb3255f6dbdd04831ad19
SERVER_TRAFFIC_SECRET_0 671c349168af25484b5b5d4f911d53a16222ddf1b60f1907d0a67b1ce63a79f5 c2a2a690788d052d29cfb15e47756d0e84ae9fb9994689df88ee9e3f9d0c9d03f9dd03d9a18d02e238ee87cbee235df8
SERVER_HANDSHAKE_TRAFFIC_SECRET 671c349168af25484b5b5d4f911d53a16222ddf1b60f1907d0a67b1ce63a79f5 e929b8d02e9948e82304805e7ceddd80463143ddbe7efa1fdc385e4fd8d9f024b796c98cddddb51bad215a247f66272c
EXPORTER_SECRET 671c349168af25484b5b5d4f911d53a16222ddf1b60f1907d0a67b1ce63a79f5 a0a943f77bea29261200aafe33a4a0e17d54318ff88472e9ce2f3978d897a9102a714c5000abb3255f6dbdd04831ad19
SERVER_TRAFFIC_SECRET_0 671c349168af25484b5b5d4f911d53a16222ddf1b60f1907d0a67b1ce63a79f5 c2a2a690788d052d29cfb15e47756d0e84ae9fb9994689df88ee9e3f9d0c9d03f9dd03d9a18d02e238ee87cbee235df8
CLIENT_HANDSHAKE_TRAFFIC_SECRET 671c349168af25484b5b5d4f911d53a16222ddf1b60f1907d0a67b1ce63a79f5 c831f8aea0deff8fde7abc7c9dec85bdbf27518edf725937ceefcf9dc6ea788435efdb42c224b6194e38924df6d9ddec
CLIENT_TRAFFIC_SECRET_0 671c349168af25484b5b5d4f911d53a16222ddf1b60f1907d0a67b1ce63a79f5 952d28e4783cdd2aa9dd79c152e005d4c4cdfaef3da7dfeb43afb0b62a7ae174491f9397bdab89cd5deafd8b97d778d7
CLIENT_TRAFFIC_SECRET_0 671c349168af25484b5b5d4f911d53a16222ddf1b60f1907d0a67b1ce63a79f5 952d28e4783cdd2aa9dd79c152e005d4c4cdfaef3da7dfeb43afb0b62a7ae174491f9397bdab89cd5deafd8b97d778d7
# TLS secrets log file, generated by OpenSSL / Python
# TLS secrets log file, generated by OpenSSL / Python
SERVER_HANDSHAKE_TRAFFIC_SECRET 9350bb5819ed603231955bf422d8d5f25093ae3adf996fa3d54de67d13e86eaa 13d25359edc16d4a99f036c4a85f4bcf0a40aa5b9dabec796c45dff4d472ae2ceb11ce063fb4a4e2e86a2841a8cd9bba
CLIENT_HANDSHAKE_TRAFFIC_SECRET 9350bb5819ed603231955bf422d8d5f25093ae3adf996fa3d54de67d13e86eaa 53bc3b12c2ca64073ce9de9f143638bacc20b9b7e37a1931fc85b473405d4fa22e26d8cccc74a046b89d4b68d0b24cb8
EXPORTER_SECRET 9350bb5819ed603231955bf422d8d5f25093ae3adf996fa3d54de67d13e86eaa 08ba1cea997da69da3e05d0d9891beeaec92eefb7e1cf9b2c3b6d5e354e7073b2d5576a48655db3af34591f3e524c40c
SERVER_TRAFFIC_SECRET_0 9350bb5819ed603231955bf422d8d5f25093ae3adf996fa3d54de67d13e86eaa 35a894bfb03c12cb29f2b8fc9435c29e2278329b70e455bc4fd0943bda14fe7ccf23d79515ee64c712bb25643b561454
SERVER_HANDSHAKE_TRAFFIC_SECRET 9350bb5819ed603231955bf422d8d5f25093ae3adf996fa3d54de67d13e86eaa 13d25359edc16d4a99f036c4a85f4bcf0a40aa5b9dabec796c45dff4d472ae2ceb11ce063fb4a4e2e86a2841a8cd9bba
EXPORTER_SECRET 9350bb5819ed603231955bf422d8d5f25093ae3adf996fa3d54de67d13e86eaa 08ba1cea997da69da3e05d0d9891beeaec92eefb7e1cf9b2c3b6d5e354e7073b2d5576a48655db3af34591f3e524c40c
SERVER_TRAFFIC_SECRET_0 9350bb5819ed603231955bf422d8d5f25093ae3adf996fa3d54de67d13e86eaa 35a894bfb03c12cb29f2b8fc9435c29e2278329b70e455bc4fd0943bda14fe7ccf23d79515ee64c712bb25643b561454
CLIENT_HANDSHAKE_TRAFFIC_SECRET 9350bb5819ed603231955bf422d8d5f25093ae3adf996fa3d54de67d13e86eaa 53bc3b12c2ca64073ce9de9f143638bacc20b9b7e37a1931fc85b473405d4fa22e26d8cccc74a046b89d4b68d0b24cb8
CLIENT_TRAFFIC_SECRET_0 9350bb5819ed603231955bf422d8d5f25093ae3adf996fa3d54de67d13e86eaa d8384e90a7fbc7d4a1ea7cedd60246e3cf6e7632a1e3116b6311528c79fbc68c4f64012cdba8a5ac1587220e379b0c39
CLIENT_TRAFFIC_SECRET_0 9350bb5819ed603231955bf422d8d5f25093ae3adf996fa3d54de67d13e86eaa d8384e90a7fbc7d4a1ea7cedd60246e3cf6e7632a1e3116b6311528c79fbc68c4f64012cdba8a5ac1587220e379b0c39
# TLS secrets log file, generated by OpenSSL / Python
# TLS secrets log file, generated by OpenSSL / Python
SERVER_HANDSHAKE_TRAFFIC_SECRET 3d097122b530944290a350bdf049b2ec468cc58a424072049586eedeac16d22b aeb83f5a0f05b48c4197b7b3da6413846f3cb94c7775bc4e7e87a1941e5c6023b5df54b617e97d2fd454cfb7687ed4b0
CLIENT_HANDSHAKE_TRAFFIC_SECRET 3d097122b530944290a350bdf049b2ec468cc58a424072049586eedeac16d22b 72138448a077d67788c771705e5325194d272f12e45a9bf871db64fdcea72a5e825463d9a61821afe1bed71d81b6b737
EXPORTER_SECRET 3d097122b530944290a350bdf049b2ec468cc58a424072049586eedeac16d22b a5863ecee7aefb9986d66c40e0b754921a5267699ed4309f7c92d0888b3a6f3a7b8bfa812df469b48be9f6cd8b9ab684
SERVER_TRAFFIC_SECRET_0 3d097122b530944290a350bdf049b2ec468cc58a424072049586eedeac16d22b 0321bb70a393ecd36bb719a9c407a81c64fa009591e4d56d1e84ef3a4bacada763f57ba3ac6ea67ed9f8406041cb469e
SERVER_HANDSHAKE_TRAFFIC_SECRET 3d097122b530944290a350bdf049b2ec468cc58a424072049586eedeac16d22b aeb83f5a0f05b48c4197b7b3da6413846f3cb94c7775bc4e7e87a1941e5c6023b5df54b617e97d2fd454cfb7687ed4b0
EXPORTER_SECRET 3d097122b530944290a350bdf049b2ec468cc58a424072049586eedeac16d22b a5863ecee7aefb9986d66c40e0b754921a5267699ed4309f7c92d0888b3a6f3a7b8bfa812df469b48be9f6cd8b9ab684
SERVER_TRAFFIC_SECRET_0 3d097122b530944290a350bdf049b2ec468cc58a424072049586eedeac16d22b 0321bb70a393ecd36bb719a9c407a81c64fa009591e4d56d1e84ef3a4bacada763f57ba3ac6ea67ed9f8406041cb469e
CLIENT_HANDSHAKE_TRAFFIC_SECRET 3d097122b530944290a350bdf049b2ec468cc58a424072049586eedeac16d22b 72138448a077d67788c771705e5325194d272f12e45a9bf871db64fdcea72a5e825463d9a61821afe1bed71d81b6b737
CLIENT_TRAFFIC_SECRET_0 3d097122b530944290a350bdf049b2ec468cc58a424072049586eedeac16d22b 194ba7011325abd950d6e49e762954990d2973075c46cad7984a075e8059570d998fa43216a699d1602ea56681033331
CLIENT_TRAFFIC_SECRET_0 3d097122b530944290a350bdf049b2ec468cc58a424072049586eedeac16d22b 194ba7011325abd950d6e49e762954990d2973075c46cad7984a075e8059570d998fa43216a699d1602ea56681033331
# TLS secrets log file, generated by OpenSSL / Python
# TLS secrets log file, generated by OpenSSL / Python
SERVER_HANDSHAKE_TRAFFIC_SECRET ce308dd80cd4925b842e24c05910cb179fdb2659ff7083fd42e101a38a70b0c0 c567af96ebadc27401ca4d3b8aa82f13f4ae45aa2c57f42e15afeb76da111f0684aaae362b3bdaf150f2d7da4da2e588
CLIENT_HANDSHAKE_TRAFFIC_SECRET ce308dd80cd4925b842e24c05910cb179fdb2659ff7083fd42e101a38a70b0c0 a50ceb8e87644b316ea4b4daba5c7c74eda2c8ab0238c79fba7a16c7ae6818844838fccc968b7a84687fbcc3ca405abd
EXPORTER_SECRET ce308dd80cd4925b842e24c05910cb179fdb2659ff7083fd42e101a38a70b0c0 3d02e9b977318a4afcb8a1ad16c8fc750e9e595cfad513d7988343da3f0d2100c5e635ffaf7bef85190f065d85f832f2
SERVER_TRAFFIC_SECRET_0 ce308dd80cd4925b842e24c05910cb179fdb2659ff7083fd42e101a38a70b0c0 41439bdb931c666547b7f0562ece34939d3114c661e7ddcdd9861dbabd9414dc21193f7e7819b0aa00845f028c8e4709
SERVER_HANDSHAKE_TRAFFIC_SECRET ce308dd80cd4925b842e24c05910cb179fdb2659ff7083fd42e101a38a70b0c0 c567af96ebadc27401ca4d3b8aa82f13f4ae45aa2c57f42e15afeb76da111f0684aaae362b3bdaf150f2d7da4da2e588
EXPORTER_SECRET ce308dd80cd4925b842e24c05910cb179fdb2659ff7083fd42e101a38a70b0c0 3d02e9b977318a4afcb8a1ad16c8fc750e9e595cfad513d7988343da3f0d2100c5e635ffaf7bef85190f065d85f832f2
SERVER_TRAFFIC_SECRET_0 ce308dd80cd4925b842e24c05910cb179fdb2659ff7083fd42e101a38a70b0c0 41439bdb931c666547b7f0562ece34939d3114c661e7ddcdd9861dbabd9414dc21193f7e7819b0aa00845f028c8e4709
CLIENT_HANDSHAKE_TRAFFIC_SECRET ce308dd80cd4925b842e24c05910cb179fdb2659ff7083fd42e101a38a70b0c0 a50ceb8e87644b316ea4b4daba5c7c74eda2c8ab0238c79fba7a16c7ae6818844838fccc968b7a84687fbcc3ca405abd
CLIENT_TRAFFIC_SECRET_0 ce308dd80cd4925b842e24c05910cb179fdb2659ff7083fd42e101a38a70b0c0 92e0f61154d00bf7641bb422752496dc2297c765aa4b64d55f41ea57fee219eaefac3ad86dfea4933f3aca7521b63246
CLIENT_TRAFFIC_SECRET_0 ce308dd80cd4925b842e24c05910cb179fdb2659ff7083fd42e101a38a70b0c0 92e0f61154d00bf7641bb422752496dc2297c765aa4b64d55f41ea57fee219eaefac3ad86dfea4933f3aca7521b63246
# TLS secrets log file, generated by OpenSSL / Python
# TLS secrets log file, generated by OpenSSL / Python
SERVER_HANDSHAKE_TRAFFIC_SECRET d74a397e6a1c180137b3c9945ba76e6f3f9d37d5e39c4148b2bfa7558a676001 db6d008a530afce8f5c1b696398ae990bf8ee4cd087a0710cab6836985d809aa152bb150966956898633b9262ab25cff
CLIENT_HANDSHAKE_TRAFFIC_SECRET d74a397e6a1c180137b3c9945ba76e6f3f9d37d5e39c4148b2bfa7558a676001 1276be64e0ddda7e82b653cd71a6e84671583ec8842f51fd0a3ece34b46919cbe76d4a2b9118a5e6c3e46cf1ab78277d
EXPORTER_SECRET d74a397e6a1c180137b3c9945ba76e6f3f9d37d5e39c4148b2bfa7558a676001 773e7ec328c9f82e4659204d99ac34e504eef10dd00fc1cc5e57f1dfbef8a2eb41871a5658dcb610a45b5ac97ad6a4bb
SERVER_TRAFFIC_SECRET_0 d74a397e6a1c180137b3c9945ba76e6f3f9d37d5e39c4148b2bfa7558a676001 a775002e85d5ca9b69ca76a56a121a557ff81a627e1cef8cd07fbb5d7a7dbbc1886caa476eb386eeb8a31ba255e4ad38
SERVER_HANDSHAKE_TRAFFIC_SECRET d74a397e6a1c180137b3c9945ba76e6f3f9d37d5e39c4148b2bfa7558a676001 db6d008a530afce8f5c1b696398ae990bf8ee4cd087a0710cab6836985d809aa152bb150966956898633b9262ab25cff
EXPORTER_SECRET d74a397e6a1c180137b3c9945ba76e6f3f9d37d5e39c4148b2bfa7558a676001 773e7ec328c9f82e4659204d99ac34e504eef10dd00fc1cc5e57f1dfbef8a2eb41871a5658dcb610a45b5ac97ad6a4bb
SERVER_TRAFFIC_SECRET_0 d74a397e6a1c180137b3c9945ba76e6f3f9d37d5e39c4148b2bfa7558a676001 a775002e85d5ca9b69ca76a56a121a557ff81a627e1cef8cd07fbb5d7a7dbbc1886caa476eb386eeb8a31ba255e4ad38
CLIENT_HANDSHAKE_TRAFFIC_SECRET d74a397e6a1c180137b3c9945ba76e6f3f9d37d5e39c4148b2bfa7558a676001 1276be64e0ddda7e82b653cd71a6e84671583ec8842f51fd0a3ece34b46919cbe76d4a2b9118a5e6c3e46cf1ab78277d
CLIENT_TRAFFIC_SECRET_0 d74a397e6a1c180137b3c9945ba76e6f3f9d37d5e39c4148b2bfa7558a676001 c8ac85e2b1044d06df4f9460539d8ffec990073af7f030bdc13b1942676f56f95461221cb65c045155027e61a4e6fc07
CLIENT_TRAFFIC_SECRET_0 d74a397e6a1c180137b3c9945ba76e6f3f9d37d5e39c4148b2bfa7558a676001 c8ac85e2b1044d06df4f9460539d8ffec990073af7f030bdc13b1942676f56f95461221cb65c045155027e61a4e6fc07
